[2013-03-13 19:19:22] INFO  WEBrick 1.3.1
[2013-03-13 19:19:22] INFO  ruby 1.9.2 (2011-07-09) [i686-linux]
[2013-03-13 19:19:22] INFO  WEBrick::HTTPServer#start: pid=3021 port=3000
[2013-03-13 19:19:50] INFO  going to shutdown ...
[2013-03-13 19:19:50] INFO  WEBrick::HTTPServer#start done.
[2013-03-17 16:27:18] INFO  WEBrick 1.3.1
[2013-03-17 16:27:18] INFO  ruby 1.9.2 (2011-07-09) [i686-linux]
[2013-03-17 16:27:18] INFO  WEBrick::HTTPServer#start: pid=2758 port=3000
[2013-03-17 16:28:14] INFO  going to shutdown ...
[2013-03-17 16:28:15] INFO  WEBrick::HTTPServer#start done.
[2013-03-17 16:30:51] INFO  WEBrick 1.3.1
[2013-03-17 16:30:51] INFO  ruby 1.9.2 (2011-07-09) [i686-linux]
[2013-03-17 16:30:51] INFO  WEBrick::HTTPServer#start: pid=2807 port=3000
[2013-03-17 16:32:34] INFO  going to shutdown ...
[2013-03-17 16:32:34] INFO  WEBrick::HTTPServer#start done.
[2013-03-17 16:39:22] INFO  WEBrick 1.3.1
[2013-03-17 16:39:22] INFO  ruby 1.9.2 (2011-07-09) [i686-linux]
[2013-03-17 16:39:22] INFO  WEBrick::HTTPServer#start: pid=3316 port=3000
[2013-03-17 16:40:28] INFO  going to shutdown ...
[2013-03-17 16:40:28] INFO  WEBrick::HTTPServer#start done.
[2013-03-17 16:49:19] INFO  WEBrick 1.3.1
[2013-03-17 16:49:19] INFO  ruby 1.9.2 (2011-07-09) [i686-linux]
[2013-03-17 16:49:19] INFO  WEBrick::HTTPServer#start: pid=3399 port=3000
[2013-03-17 16:51:25] INFO  going to shutdown ...
[2013-03-17 16:51:25] INFO  WEBrick::HTTPServer#start done.
